2021-04-06 03:24:37,473 INFO r.d.ClientModuleManager [main] line 53 -> App started. 
2021-04-06 03:24:37,483 INFO r.d.ClientConfigProcessor [main] line 68 -> Network settings initialized: 127.0.0.1 | 7777 
2021-04-06 03:24:37,776 INFO r.d.RepoClient [pool-2-thread-2] line 92 -> Trying to connect server... 
2021-04-06 03:24:46,316 INFO r.d.InputCommandAnalyser [pool-2-thread-3] line 52 -> New command input: login user1 123 
2021-04-06 03:24:46,323 INFO r.d.InputCommandAnalyser [pool-2-thread-3] line 137 -> Trying to login 
2021-04-06 03:24:46,328 INFO r.d.RepoEncoder [nioEventLoopGroup-2-1] line 50 -> Byte package encoded and flushed. 
2021-04-06 03:24:46,826 INFO r.d.RepoDecoderClient [nioEventLoopGroup-2-1] line 36 -> Byte package arrived. 
2021-04-06 03:24:46,827 INFO r.d.ClientCommandReader [pool-2-thread-3] line 69 -> New message from server arrived: true%%%Welcome back! 
2021-04-06 03:24:57,151 INFO r.d.InputCommandAnalyser [pool-2-thread-3] line 52 -> New command input: getFileList 
2021-04-06 03:24:57,151 INFO r.d.InputCommandAnalyser [pool-2-thread-3] line 153 -> Trying get file list 
2021-04-06 03:24:57,152 INFO r.d.RepoEncoder [nioEventLoopGroup-2-1] line 50 -> Byte package encoded and flushed. 
2021-04-06 03:24:57,158 INFO r.d.RepoDecoderClient [nioEventLoopGroup-2-1] line 36 -> Byte package arrived. 
2021-04-06 03:24:57,158 INFO r.d.ClientCommandReader [pool-2-thread-3] line 96 -> File list arrived. 
2021-04-06 03:25:14,187 INFO r.d.InputCommandAnalyser [pool-2-thread-3] line 52 -> New command input: download test.txt 
2021-04-06 03:25:14,188 INFO r.d.InputCommandAnalyser [pool-2-thread-3] line 157 -> Trying download file test.txt 
2021-04-06 03:25:14,188 INFO r.d.InputCommandAnalyser [pool-2-thread-3] line 178 -> Download request sent. 
2021-04-06 03:25:14,188 INFO r.d.RepoEncoder [nioEventLoopGroup-2-1] line 50 -> Byte package encoded and flushed. 
2021-04-06 03:25:14,193 INFO r.d.RepoDecoderClient [nioEventLoopGroup-2-1] line 36 -> Byte package arrived. 
2021-04-06 03:25:14,193 INFO r.d.ClientCommandReader [pool-2-thread-3] line 108 -> Incoming file: test.txt size 3839 
2021-04-06 03:25:14,194 INFO r.d.RepoEncoder [nioEventLoopGroup-2-1] line 50 -> Byte package encoded and flushed. 
2021-04-06 03:25:14,215 INFO r.d.RepoDecoderClient [nioEventLoopGroup-2-1] line 36 -> Byte package arrived. 
2021-04-06 03:25:14,217 INFO r.d.RepoDecoderClient [nioEventLoopGroup-2-1] line 36 -> Byte package arrived. 
2021-04-06 03:25:14,218 INFO r.d.RepoDecoderClient [nioEventLoopGroup-2-1] line 36 -> Byte package arrived. 
2021-04-06 03:25:14,219 INFO r.d.RepoDecoderClient [nioEventLoopGroup-2-1] line 36 -> Byte package arrived. 
2021-04-06 03:25:14,220 INFO r.d.RepoEncoder [nioEventLoopGroup-2-1] line 50 -> Byte package encoded and flushed. 
2021-04-06 03:25:14,221 INFO r.d.ClientPathHolder [nioEventLoopGroup-2-1] line 44 -> File downloaded successfully. 
2021-04-06 03:25:14,221 INFO r.d.IncomingFileHandler [nioEventLoopGroup-2-1] line 40 -> Incoming file size equals to preset parameters. 
2021-04-06 03:25:23,678 INFO r.d.InputCommandAnalyser [pool-2-thread-3] line 52 -> New command input: upload \test.txt 
2021-04-06 03:25:23,678 INFO r.d.InputCommandAnalyser [pool-2-thread-3] line 239 -> Trying to upload file. 
2021-04-06 03:25:23,680 INFO r.d.InputCommandAnalyser [pool-2-thread-3] line 246 -> File info sent. 
2021-04-06 03:25:23,681 INFO r.d.RepoEncoder [nioEventLoopGroup-2-1] line 50 -> Byte package encoded and flushed. 
2021-04-06 03:25:23,685 INFO r.d.RepoDecoderClient [nioEventLoopGroup-2-1] line 36 -> Byte package arrived. 
2021-04-06 03:25:23,686 INFO r.d.RepoDecoderClient [nioEventLoopGroup-2-1] line 36 -> Byte package arrived. 
2021-04-06 03:25:23,686 INFO r.d.ClientCommandReader [pool-2-thread-4] line 69 -> New message from server arrived: YesNoTrue&&&Too gard for me! 
2021-04-06 03:25:23,686 INFO r.d.ClientCommandReader [pool-2-thread-5] line 69 -> New message from server arrived: SYSTEM 
2021-04-06 03:25:25,472 INFO r.d.RepoEncoder [nioEventLoopGroup-2-1] line 50 -> Byte package encoded and flushed. 
2021-04-06 03:25:25,473 INFO r.d.RepoEncoder [nioEventLoopGroup-2-1] line 50 -> Byte package encoded and flushed. 
2021-04-06 03:25:25,474 INFO r.d.RepoEncoder [nioEventLoopGroup-2-1] line 50 -> Byte package encoded and flushed. 
2021-04-06 03:25:25,474 INFO r.d.RepoEncoder [nioEventLoopGroup-2-1] line 50 -> Byte package encoded and flushed. 
2021-04-06 03:25:25,480 INFO r.d.RepoDecoderClient [nioEventLoopGroup-2-1] line 36 -> Byte package arrived. 
2021-04-06 03:25:25,481 INFO r.d.ClientCommandReader [pool-2-thread-6] line 69 -> New message from server arrived: true%%%File uploaded successfully! 
2021-04-06 03:25:25,481 INFO r.d.RepoDecoderClient [nioEventLoopGroup-2-1] line 36 -> Byte package arrived. 
2021-04-06 03:25:25,482 INFO r.d.ClientCommandReader [pool-2-thread-6] line 69 -> New message from server arrived: SYSTEM 
2021-04-06 03:25:25,482 INFO r.d.InputCommandAnalyser [pool-2-thread-3] line 257 -> Starting file transmission. 
2021-04-06 03:32:18,288 INFO r.d.RepoClient [nioEventLoopGroup-2-1] line 140 -> Connection closed. 
