2021-04-06 03:24:29,799 INFO r.d.ServerConfigReader [main] line 75 -> Network settings initialized: host - 127.0.0.1, port - 7777 
2021-04-06 03:24:30,040 INFO r.d.RepoServer [main] line 89 -> Server is up and ready for connections... 
2021-04-06 03:24:37,923 INFO r.d.RepoServer [nioEventLoopGroup-3-1] line 78 -> New connection applied. 
2021-04-06 03:24:46,358 INFO r.d.RepoDecoder [nioEventLoopGroup-3-1] line 39 -> Byte package arrived. 
2021-04-06 03:24:46,361 INFO r.d.ServerCommandReader [pool-2-thread-1] line 33 -> Incoming message. 
2021-04-06 03:24:46,361 INFO r.d.AuthorisationService [pool-2-thread-1] line 39 -> Login attempt. 
2021-04-06 03:24:46,814 INFO r.d.AuthorisationService [pool-2-thread-1] line 57 -> Login attempt complete. 
2021-04-06 03:24:46,819 INFO r.d.RepoEncoder [nioEventLoopGroup-3-1] line 50 -> Byte package encoded and flushed. 
2021-04-06 03:24:57,153 INFO r.d.RepoDecoder [nioEventLoopGroup-3-1] line 39 -> Byte package arrived. 
2021-04-06 03:24:57,154 INFO r.d.ServerCommandReader [pool-2-thread-1] line 33 -> Incoming message. 
2021-04-06 03:24:57,154 INFO r.d.ServerCommandReader [pool-2-thread-1] line 78 -> File List request initiated. 
2021-04-06 03:24:57,156 INFO r.d.RepoEncoder [nioEventLoopGroup-3-1] line 50 -> Byte package encoded and flushed. 
2021-04-06 03:25:14,190 INFO r.d.RepoDecoder [nioEventLoopGroup-3-1] line 39 -> Byte package arrived. 
2021-04-06 03:25:14,190 INFO r.d.ServerCommandReader [pool-2-thread-1] line 33 -> Incoming message. 
2021-04-06 03:25:14,191 INFO r.d.ServerCommandReader [pool-2-thread-1] line 91 -> File request initiated. 
2021-04-06 03:25:14,192 INFO r.d.RepoEncoder [nioEventLoopGroup-3-1] line 50 -> Byte package encoded and flushed. 
2021-04-06 03:25:14,192 INFO r.d.ServerCommandReader [pool-2-thread-1] line 98 -> File info sent. 
2021-04-06 03:25:14,195 INFO r.d.RepoDecoder [nioEventLoopGroup-3-1] line 39 -> Byte package arrived. 
2021-04-06 03:25:14,196 INFO r.d.ServerCommandReader [pool-2-thread-2] line 33 -> Incoming message. 
2021-04-06 03:25:14,200 INFO r.d.ServerCommandReader [pool-2-thread-1] line 104 -> Sending file test.txt size 3839 
2021-04-06 03:25:14,212 INFO r.d.RepoEncoder [nioEventLoopGroup-3-1] line 50 -> Byte package encoded and flushed. 
2021-04-06 03:25:14,213 INFO r.d.RepoEncoder [nioEventLoopGroup-3-1] line 50 -> Byte package encoded and flushed. 
2021-04-06 03:25:14,214 INFO r.d.RepoEncoder [nioEventLoopGroup-3-1] line 50 -> Byte package encoded and flushed. 
2021-04-06 03:25:14,215 INFO r.d.RepoEncoder [nioEventLoopGroup-3-1] line 50 -> Byte package encoded and flushed. 
2021-04-06 03:25:14,221 INFO r.d.RepoDecoder [nioEventLoopGroup-3-1] line 39 -> Byte package arrived. 
2021-04-06 03:25:14,222 INFO r.d.ServerCommandReader [pool-2-thread-2] line 33 -> Incoming message. 
2021-04-06 03:25:23,682 INFO r.d.RepoDecoder [nioEventLoopGroup-3-1] line 39 -> Byte package arrived. 
2021-04-06 03:25:23,683 INFO r.d.ServerCommandReader [pool-2-thread-1] line 33 -> Incoming message. 
2021-04-06 03:25:23,684 INFO r.d.RepoEncoder [nioEventLoopGroup-3-1] line 50 -> Byte package encoded and flushed. 
2021-04-06 03:25:23,685 INFO r.d.RepoEncoder [nioEventLoopGroup-3-1] line 50 -> Byte package encoded and flushed. 
2021-04-06 03:25:25,473 INFO r.d.RepoDecoder [nioEventLoopGroup-3-1] line 39 -> Byte package arrived. 
2021-04-06 03:25:25,476 INFO r.d.RepoDecoder [nioEventLoopGroup-3-1] line 39 -> Byte package arrived. 
2021-04-06 03:25:25,477 INFO r.d.RepoDecoder [nioEventLoopGroup-3-1] line 39 -> Byte package arrived. 
2021-04-06 03:25:25,478 INFO r.d.RepoDecoder [nioEventLoopGroup-3-1] line 39 -> Byte package arrived. 
2021-04-06 03:25:25,479 INFO r.d.RepoEncoder [nioEventLoopGroup-3-1] line 50 -> Byte package encoded and flushed. 
2021-04-06 03:25:25,480 INFO r.d.RepoEncoder [nioEventLoopGroup-3-1] line 50 -> Byte package encoded and flushed. 
2021-04-06 03:25:25,481 INFO r.d.UserProfile [nioEventLoopGroup-3-1] line 39 -> File transfer complete. 
2021-04-06 03:25:25,482 INFO r.d.IncomingFileHandler [nioEventLoopGroup-3-1] line 40 -> Incoming file size equals to preset parameters. 
